<?xml version="1.0" encoding="UTF-8"?>
<!-- Generated by org.testng.reporters.JUnitReportReporter -->
<testsuite skipped="0" hostname="LAPTOP-1GO1DFJH" name="suite.sanity.s101SearchHomePage" tests="1" failures="0" timestamp="03 Jun 2018 03:55:25 GMT" time="16.349" errors="0">
  <testcase name="s101SearchHomePageTest" time="16.349" classname="suite.sanity.s101SearchHomePage"/>
</testsuite> <!-- suite.sanity.s101SearchHomePage -->
